app/build/intermediates/manifest_merge_blame_file/debug/processDebugMainManifest/manifest-merger-blame-debug-report.txt
1<?xml version="1.0" encoding="utf-8"?>
2<manifest xmlns:android="http://schemas.android.com/apk/res/android"
3    package="com.bignerdranch.android.photogallery"
4    android:versionCode="1"
5    android:versionName="1.0" >
6
7    <uses-sdk
8        android:minSdkVersion="21"
9        android:targetSdkVersion="21" />
10
11    <uses-permission android:name="android.permission.INTERNET" />
11-->src\main\AndroidManifest.xml:5:5-67
11-->src\main\AndroidManifest.xml:5:22-64
12    <uses-permission android:name="android.permission.POST_NOTIFICATIONS" />
12-->src\main\AndroidManifest.xml:6:5-77
12-->src\main\AndroidManifest.xml:6:22-74
13    <uses-permission android:name="android.permission.WAKE_LOCK" />
13-->[androidx.work:work-runtime:2.0.0] AndroidManifest.xml:23:5-68
13-->[androidx.work:work-runtime:2.0.0] AndroidManifest.xml:23:22-65
14    <uses-permission android:name="android.permission.ACCESS_NETWORK_STATE" />
14-->[androidx.work:work-runtime:2.0.0] AndroidManifest.xml:24:5-79
14-->[androidx.work:work-runtime:2.0.0] AndroidManifest.xml:24:22-76
15    <uses-permission android:name="android.permission.RECEIVE_BOOT_COMPLETED" />
15-->[androidx.work:work-runtime:2.0.0] AndroidManifest.xml:25:5-81
15-->[androidx.work:work-runtime:2.0.0] AndroidManifest.xml:25:22-78
16
17    <permission
17-->[androidx.core:core:1.13.1] AndroidManifest.xml:22:5-24:47
18        android:name="com.bignerdranch.android.photogallery.DYNAMIC_RECEIVER_NOT_EXPORTED_PERMISSION"
18-->[androidx.core:core:1.13.1] AndroidManifest.xml:23:9-81
19        android:protectionLevel="signature" />
19-->[androidx.core:core:1.13.1] AndroidManifest.xml:24:9-44
20
21    <uses-permission android:name="com.bignerdranch.android.photogallery.DYNAMIC_RECEIVER_NOT_EXPORTED_PERMISSION" />
21-->[androidx.core:core:1.13.1] AndroidManifest.xml:26:5-97
21-->[androidx.core:core:1.13.1] AndroidManifest.xml:26:22-94
22
23    <application
23-->src\main\AndroidManifest.xml:8:5-31:19
24        android:name="com.bignerdranch.android.photogallery.PhotoGalleryApplication"
24-->src\main\AndroidManifest.xml:9:9-48
25        android:allowBackup="true"
25-->src\main\AndroidManifest.xml:10:9-35
26        android:appComponentFactory="androidx.core.app.CoreComponentFactory"
26-->[androidx.core:core:1.13.1] AndroidManifest.xml:28:18-86
27        android:dataExtractionRules="@xml/data_extraction_rules"
27-->src\main\AndroidManifest.xml:11:9-65
28        android:debuggable="true"
29        android:extractNativeLibs="true"
30        android:fullBackupContent="@xml/backup_rules"
30-->src\main\AndroidManifest.xml:12:9-54
31        android:icon="@mipmap/ic_launcher"
31-->src\main\AndroidManifest.xml:13:9-43
32        android:label="@string/app_name"
32-->src\main\AndroidManifest.xml:14:9-41
33        android:roundIcon="@mipmap/ic_launcher_round"
33-->src\main\AndroidManifest.xml:15:9-54
34        android:supportsRtl="true"
34-->src\main\AndroidManifest.xml:16:9-35
35        android:testOnly="true"
36        android:theme="@style/Theme.Lab7" >
36-->src\main\AndroidManifest.xml:17:9-42
37        <activity
37-->src\main\AndroidManifest.xml:19:9-21:40
38            android:name="com.bignerdranch.android.photogallery.dbListActivity"
38-->src\main\AndroidManifest.xml:20:13-43
39            android:exported="false" />
39-->src\main\AndroidManifest.xml:21:13-37
40        <activity
40-->src\main\AndroidManifest.xml:22:9-30:20
41            android:name="com.bignerdranch.android.photogallery.PhotoGalleryActivity"
41-->src\main\AndroidManifest.xml:23:13-49
42            android:exported="true" >
42-->src\main\AndroidManifest.xml:24:13-36
43            <intent-filter>
43-->src\main\AndroidManifest.xml:25:13-29:29
44                <action android:name="android.intent.action.MAIN" />
44-->src\main\AndroidManifest.xml:26:17-69
44-->src\main\AndroidManifest.xml:26:25-66
45
46                <category android:name="android.intent.category.LAUNCHER" />
46-->src\main\AndroidManifest.xml:28:17-77
46-->src\main\AndroidManifest.xml:28:27-74
47            </intent-filter>
48        </activity>
49
50        <provider
50-->[androidx.work:work-runtime:2.0.0] AndroidManifest.xml:28:9-34:35
51            android:name="androidx.work.impl.WorkManagerInitializer"
51-->[androidx.work:work-runtime:2.0.0] AndroidManifest.xml:29:13-69
52            android:authorities="com.bignerdranch.android.photogallery.workmanager-init"
52-->[androidx.work:work-runtime:2.0.0] AndroidManifest.xml:30:13-68
53            android:directBootAware="false"
53-->[androidx.work:work-runtime:2.0.0] AndroidManifest.xml:31:13-44
54            android:exported="false"
54-->[androidx.work:work-runtime:2.0.0] AndroidManifest.xml:32:13-37
55            android:multiprocess="true" />
55-->[androidx.work:work-runtime:2.0.0] AndroidManifest.xml:33:13-40
56
57        <service
57-->[androidx.work:work-runtime:2.0.0] AndroidManifest.xml:36:9-41:35
58            android:name="androidx.work.impl.background.systemalarm.SystemAlarmService"
58-->[androidx.work:work-runtime:2.0.0] AndroidManifest.xml:37:13-88
59            android:directBootAware="false"
59-->[androidx.work:work-runtime:2.0.0] AndroidManifest.xml:38:13-44
60            android:enabled="@bool/enable_system_alarm_service_default"
60-->[androidx.work:work-runtime:2.0.0] AndroidManifest.xml:39:13-72
61            android:exported="false" />
61-->[androidx.work:work-runtime:2.0.0] AndroidManifest.xml:40:13-37
62        <service
62-->[androidx.work:work-runtime:2.0.0] AndroidManifest.xml:42:9-48:35
63            android:name="androidx.work.impl.background.systemjob.SystemJobService"
63-->[androidx.work:work-runtime:2.0.0] AndroidManifest.xml:43:13-84
64            android:directBootAware="false"
64-->[androidx.work:work-runtime:2.0.0] AndroidManifest.xml:44:13-44
65            android:enabled="@bool/enable_system_job_service_default"
65-->[androidx.work:work-runtime:2.0.0] AndroidManifest.xml:45:13-70
66            android:exported="true"
66-->[androidx.work:work-runtime:2.0.0] AndroidManifest.xml:46:13-36
67            android:permission="android.permission.BIND_JOB_SERVICE" />
67-->[androidx.work:work-runtime:2.0.0] AndroidManifest.xml:47:13-69
68
69        <receiver
69-->[androidx.work:work-runtime:2.0.0] AndroidManifest.xml:50:9-55:35
70            android:name="androidx.work.impl.utils.ForceStopRunnable$BroadcastReceiver"
70-->[androidx.work:work-runtime:2.0.0] AndroidManifest.xml:51:13-88
71            android:directBootAware="false"
71-->[androidx.work:work-runtime:2.0.0] AndroidManifest.xml:52:13-44
72            android:enabled="true"
72-->[androidx.work:work-runtime:2.0.0] AndroidManifest.xml:53:13-35
73            android:exported="false" />
73-->[androidx.work:work-runtime:2.0.0] AndroidManifest.xml:54:13-37
74        <receiver
74-->[androidx.work:work-runtime:2.0.0] AndroidManifest.xml:56:9-66:20
75            android:name="androidx.work.impl.background.systemalarm.ConstraintProxy$BatteryChargingProxy"
75-->[androidx.work:work-runtime:2.0.0] AndroidManifest.xml:57:13-106
76            android:directBootAware="false"
76-->[androidx.work:work-runtime:2.0.0] AndroidManifest.xml:58:13-44
77            android:enabled="false"
77-->[androidx.work:work-runtime:2.0.0] AndroidManifest.xml:59:13-36
78            android:exported="false" >
78-->[androidx.work:work-runtime:2.0.0] AndroidManifest.xml:60:13-37
79            <intent-filter>
79-->[androidx.work:work-runtime:2.0.0] AndroidManifest.xml:62:13-65:29
80                <action android:name="android.intent.action.ACTION_POWER_CONNECTED" />
80-->[androidx.work:work-runtime:2.0.0] AndroidManifest.xml:63:17-87
80-->[androidx.work:work-runtime:2.0.0] AndroidManifest.xml:63:25-84
81                <action android:name="android.intent.action.ACTION_POWER_DISCONNECTED" />
81-->[androidx.work:work-runtime:2.0.0] AndroidManifest.xml:64:17-90
81-->[androidx.work:work-runtime:2.0.0] AndroidManifest.xml:64:25-87
82            </intent-filter>
83        </receiver>
84        <receiver
84-->[androidx.work:work-runtime:2.0.0] AndroidManifest.xml:67:9-77:20
85            android:name="androidx.work.impl.background.systemalarm.ConstraintProxy$BatteryNotLowProxy"
85-->[androidx.work:work-runtime:2.0.0] AndroidManifest.xml:68:13-104
86            android:directBootAware="false"
86-->[androidx.work:work-runtime:2.0.0] AndroidManifest.xml:69:13-44
87            android:enabled="false"
87-->[androidx.work:work-runtime:2.0.0] AndroidManifest.xml:70:13-36
88            android:exported="false" >
88-->[androidx.work:work-runtime:2.0.0] AndroidManifest.xml:71:13-37
89            <intent-filter>
89-->[androidx.work:work-runtime:2.0.0] AndroidManifest.xml:73:13-76:29
90                <action android:name="android.intent.action.BATTERY_OKAY" />
90-->[androidx.work:work-runtime:2.0.0] AndroidManifest.xml:74:17-77
90-->[androidx.work:work-runtime:2.0.0] AndroidManifest.xml:74:25-74
91                <action android:name="android.intent.action.BATTERY_LOW" />
91-->[androidx.work:work-runtime:2.0.0] AndroidManifest.xml:75:17-76
91-->[androidx.work:work-runtime:2.0.0] AndroidManifest.xml:75:25-73
92            </intent-filter>
93        </receiver>
94        <receiver
94-->[androidx.work:work-runtime:2.0.0] AndroidManifest.xml:78:9-88:20
95            android:name="androidx.work.impl.background.systemalarm.ConstraintProxy$StorageNotLowProxy"
95-->[androidx.work:work-runtime:2.0.0] AndroidManifest.xml:79:13-104
96            android:directBootAware="false"
96-->[androidx.work:work-runtime:2.0.0] AndroidManifest.xml:80:13-44
97            android:enabled="false"
97-->[androidx.work:work-runtime:2.0.0] AndroidManifest.xml:81:13-36
98            android:exported="false" >
98-->[androidx.work:work-runtime:2.0.0] AndroidManifest.xml:82:13-37
99            <intent-filter>
99-->[androidx.work:work-runtime:2.0.0] AndroidManifest.xml:84:13-87:29
100                <action android:name="android.intent.action.DEVICE_STORAGE_LOW" />
100-->[androidx.work:work-runtime:2.0.0] AndroidManifest.xml:85:17-83
100-->[androidx.work:work-runtime:2.0.0] AndroidManifest.xml:85:25-80
101                <action android:name="android.intent.action.DEVICE_STORAGE_OK" />
101-->[androidx.work:work-runtime:2.0.0] AndroidManifest.xml:86:17-82
101-->[androidx.work:work-runtime:2.0.0] AndroidManifest.xml:86:25-79
102            </intent-filter>
103        </receiver>
104        <receiver
104-->[androidx.work:work-runtime:2.0.0] AndroidManifest.xml:89:9-98:20
105            android:name="androidx.work.impl.background.systemalarm.ConstraintProxy$NetworkStateProxy"
105-->[androidx.work:work-runtime:2.0.0] AndroidManifest.xml:90:13-103
106            android:directBootAware="false"
106-->[androidx.work:work-runtime:2.0.0] AndroidManifest.xml:91:13-44
107            android:enabled="false"
107-->[androidx.work:work-runtime:2.0.0] AndroidManifest.xml:92:13-36
108            android:exported="false" >
108-->[androidx.work:work-runtime:2.0.0] AndroidManifest.xml:93:13-37
109            <intent-filter>
109-->[androidx.work:work-runtime:2.0.0] AndroidManifest.xml:95:13-97:29
110                <action android:name="android.net.conn.CONNECTIVITY_CHANGE" />
110-->[androidx.work:work-runtime:2.0.0] AndroidManifest.xml:96:17-79
110-->[androidx.work:work-runtime:2.0.0] AndroidManifest.xml:96:25-76
111            </intent-filter>
112        </receiver>
113        <receiver
113-->[androidx.work:work-runtime:2.0.0] AndroidManifest.xml:99:9-110:20
114            android:name="androidx.work.impl.background.systemalarm.RescheduleReceiver"
114-->[androidx.work:work-runtime:2.0.0] AndroidManifest.xml:100:13-88
115            android:directBootAware="false"
115-->[androidx.work:work-runtime:2.0.0] AndroidManifest.xml:101:13-44
116            android:enabled="false"
116-->[androidx.work:work-runtime:2.0.0] AndroidManifest.xml:102:13-36
117            android:exported="false" >
117-->[androidx.work:work-runtime:2.0.0] AndroidManifest.xml:103:13-37
118            <intent-filter>
118-->[androidx.work:work-runtime:2.0.0] AndroidManifest.xml:105:13-109:29
119                <action android:name="android.intent.action.BOOT_COMPLETED" />
119-->[androidx.work:work-runtime:2.0.0] AndroidManifest.xml:106:17-79
119-->[androidx.work:work-runtime:2.0.0] AndroidManifest.xml:106:25-76
120                <action android:name="android.intent.action.TIME_SET" />
120-->[androidx.work:work-runtime:2.0.0] AndroidManifest.xml:107:17-73
120-->[androidx.work:work-runtime:2.0.0] AndroidManifest.xml:107:25-70
121                <action android:name="android.intent.action.TIMEZONE_CHANGED" />
121-->[androidx.work:work-runtime:2.0.0] AndroidManifest.xml:108:17-81
121-->[androidx.work:work-runtime:2.0.0] AndroidManifest.xml:108:25-78
122            </intent-filter>
123        </receiver>
124        <receiver
124-->[androidx.work:work-runtime:2.0.0] AndroidManifest.xml:111:9-120:20
125            android:name="androidx.work.impl.background.systemalarm.ConstraintProxyUpdateReceiver"
125-->[androidx.work:work-runtime:2.0.0] AndroidManifest.xml:112:13-99
126            android:directBootAware="false"
126-->[androidx.work:work-runtime:2.0.0] AndroidManifest.xml:113:13-44
127            android:enabled="@bool/enable_system_alarm_service_default"
127-->[androidx.work:work-runtime:2.0.0] AndroidManifest.xml:114:13-72
128            android:exported="false" >
128-->[androidx.work:work-runtime:2.0.0] AndroidManifest.xml:115:13-37
129            <intent-filter>
129-->[androidx.work:work-runtime:2.0.0] AndroidManifest.xml:117:13-119:29
130                <action android:name="androidx.work.impl.background.systemalarm.UpdateProxies" />
130-->[androidx.work:work-runtime:2.0.0] AndroidManifest.xml:118:17-98
130-->[androidx.work:work-runtime:2.0.0] AndroidManifest.xml:118:25-95
131            </intent-filter>
132        </receiver>
133
134        <service
134-->[androidx.room:room-runtime:2.6.1] AndroidManifest.xml:24:9-28:63
135            android:name="androidx.room.MultiInstanceInvalidationService"
135-->[androidx.room:room-runtime:2.6.1] AndroidManifest.xml:25:13-74
136            android:directBootAware="true"
136-->[androidx.room:room-runtime:2.6.1] AndroidManifest.xml:26:13-43
137            android:exported="false" />
137-->[androidx.room:room-runtime:2.6.1] AndroidManifest.xml:27:13-37
138
139        <provider
139-->[androidx.emoji2:emoji2:1.3.0] AndroidManifest.xml:24:9-32:20
140            android:name="androidx.startup.InitializationProvider"
140-->[androidx.emoji2:emoji2:1.3.0] AndroidManifest.xml:25:13-67
141            android:authorities="com.bignerdranch.android.photogallery.androidx-startup"
141-->[androidx.emoji2:emoji2:1.3.0] AndroidManifest.xml:26:13-68
142            android:exported="false" >
142-->[androidx.emoji2:emoji2:1.3.0] AndroidManifest.xml:27:13-37
143            <meta-data
143-->[androidx.emoji2:emoji2:1.3.0] AndroidManifest.xml:29:13-31:52
144                android:name="androidx.emoji2.text.EmojiCompatInitializer"
144-->[androidx.emoji2:emoji2:1.3.0] AndroidManifest.xml:30:17-75
145                android:value="androidx.startup" />
145-->[androidx.emoji2:emoji2:1.3.0] AndroidManifest.xml:31:17-49
146            <meta-data
146-->[androidx.lifecycle:lifecycle-process:2.6.2] AndroidManifest.xml:29:13-31:52
147                android:name="androidx.lifecycle.ProcessLifecycleInitializer"
147-->[androidx.lifecycle:lifecycle-process:2.6.2] AndroidManifest.xml:30:17-78
148                android:value="androidx.startup" />
148-->[androidx.lifecycle:lifecycle-process:2.6.2] AndroidManifest.xml:31:17-49
149            <meta-data
149-->[androidx.profileinstaller:profileinstaller:1.4.0] AndroidManifest.xml:29:13-31:52
150                android:name="androidx.profileinstaller.ProfileInstallerInitializer"
150-->[androidx.profileinstaller:profileinstaller:1.4.0] AndroidManifest.xml:30:17-85
151                android:value="androidx.startup" />
151-->[androidx.profileinstaller:profileinstaller:1.4.0] AndroidManifest.xml:31:17-49
152        </provider>
153
154        <receiver
154-->[androidx.profileinstaller:profileinstaller:1.4.0] AndroidManifest.xml:34:9-52:20
155            android:name="androidx.profileinstaller.ProfileInstallReceiver"
155-->[androidx.profileinstaller:profileinstaller:1.4.0] AndroidManifest.xml:35:13-76
156            android:directBootAware="false"
156-->[androidx.profileinstaller:profileinstaller:1.4.0] AndroidManifest.xml:36:13-44
157            android:enabled="true"
157-->[androidx.profileinstaller:profileinstaller:1.4.0] AndroidManifest.xml:37:13-35
158            android:exported="true"
158-->[androidx.profileinstaller:profileinstaller:1.4.0] AndroidManifest.xml:38:13-36
159            android:permission="android.permission.DUMP" >
159-->[androidx.profileinstaller:profileinstaller:1.4.0] AndroidManifest.xml:39:13-57
160            <intent-filter>
160-->[androidx.profileinstaller:profileinstaller:1.4.0] AndroidManifest.xml:40:13-42:29
161                <action android:name="androidx.profileinstaller.action.INSTALL_PROFILE" />
161-->[androidx.profileinstaller:profileinstaller:1.4.0] AndroidManifest.xml:41:17-91
161-->[androidx.profileinstaller:profileinstaller:1.4.0] AndroidManifest.xml:41:25-88
162            </intent-filter>
163            <intent-filter>
163-->[androidx.profileinstaller:profileinstaller:1.4.0] AndroidManifest.xml:43:13-45:29
164                <action android:name="androidx.profileinstaller.action.SKIP_FILE" />
164-->[androidx.profileinstaller:profileinstaller:1.4.0] AndroidManifest.xml:44:17-85
164-->[androidx.profileinstaller:profileinstaller:1.4.0] AndroidManifest.xml:44:25-82
165            </intent-filter>
166            <intent-filter>
166-->[androidx.profileinstaller:profileinstaller:1.4.0] AndroidManifest.xml:46:13-48:29
167                <action android:name="androidx.profileinstaller.action.SAVE_PROFILE" />
167-->[androidx.profileinstaller:profileinstaller:1.4.0] AndroidManifest.xml:47:17-88
167-->[androidx.profileinstaller:profileinstaller:1.4.0] AndroidManifest.xml:47:25-85
168            </intent-filter>
169            <intent-filter>
169-->[androidx.profileinstaller:profileinstaller:1.4.0] AndroidManifest.xml:49:13-51:29
170                <action android:name="androidx.profileinstaller.action.BENCHMARK_OPERATION" />
170-->[androidx.profileinstaller:profileinstaller:1.4.0] AndroidManifest.xml:50:17-95
170-->[androidx.profileinstaller:profileinstaller:1.4.0] AndroidManifest.xml:50:25-92
171            </intent-filter>
172        </receiver>
173    </application>
174
175</manifest>